<?xml version="1.0" encoding="UTF-8"?>
<!-- Generated by org.testng.reporters.JUnitReportReporter -->
<testsuite hostname="Essel" failures="0" tests="1" name="FakeDataGeneration.FakeDataGeneration" time="0.236" errors="0" timestamp="2025-06-24T23:19:31 IST" skipped="0">
  <testcase classname="FakeDataGeneration.FakeDataGeneration" name="fakeDataGeneration" time="0.236"/>
</testsuite> <!-- FakeDataGeneration.FakeDataGeneration -->
