<?xml version="1.0" encoding="UTF-8"?>
<!-- Generated by org.testng.reporters.JUnitReportReporter -->
<testsuite hostname="Essel" failures="0" tests="4" name="Authenications.Authinications" time="3.906" errors="0" timestamp="2025-06-24T22:54:01 IST" skipped="3">
  <testcase classname="Authenications.Authinications" name="apiKeyAuthtication" time="3.906"/>
  <testcase classname="Authenications.Authinications" name="digestAuthinicaton">
    <skipped/>
  </testcase> <!-- digestAuthinicaton -->
  <testcase classname="Authenications.Authinications" name="preemptiveAuthinicaton">
    <skipped/>
  </testcase> <!-- preemptiveAuthinicaton -->
  <testcase classname="Authenications.Authinications" name="basicAuthinicaton">
    <skipped/>
  </testcase> <!-- basicAuthinicaton -->
</testsuite> <!-- Authenications.Authinications -->
