<?xml version="1.0" encoding="UTF-8"?>
<!-- Generated by org.testng.reporters.JUnitReportReporter -->
<testsuite hostname="Essel" failures="0" tests="1" name="ParsingXmlResponse.FileUploadandDownload" time="6.337" errors="0" timestamp="2025-06-23T23:42:26 IST" skipped="0">
  <testcase classname="ParsingXmlResponse.FileUploadandDownload" name="multipleFileUpload" time="6.337"/>
</testsuite> <!-- ParsingXmlResponse.FileUploadandDownload -->
