<?xml version="1.0" encoding="UTF-8"?>
<!-- Generated by org.testng.reporters.JUnitReportReporter -->
<testsuite hostname="Essel" failures="0" tests="1" name="ParsingXmlResponse.ParsingXmlResponse1" time="3.539" errors="0" timestamp="2025-06-23T23:42:04 IST" skipped="0">
  <testcase classname="ParsingXmlResponse.ParsingXmlResponse1" name="parsingXmlData" time="3.539"/>
</testsuite> <!-- ParsingXmlResponse.ParsingXmlResponse1 -->
