<?xml version="1.0" encoding="UTF-8"?>
<!-- Generated by org.testng.reporters.JUnitReportReporter -->
<testsuite hostname="Essel" failures="0" tests="1" name="PathQuerycookies.HeadersDemo" time="2.828" errors="0" timestamp="2025-06-21T17:07:18 IST" skipped="0">
  <testcase classname="PathQuerycookies.HeadersDemo" name="headerDe1" time="2.828"/>
</testsuite> <!-- PathQuerycookies.HeadersDemo -->
