<?xml version="1.0" encoding="UTF-8"?>
<!-- Generated by org.testng.reporters.JUnitReportReporter -->
<testsuite hostname="Essel" failures="0" tests="1" name="JsonResponseData.Dupicate" time="2.855" errors="0" timestamp="2025-06-21T16:26:23 IST" skipped="0">
  <testcase classname="JsonResponseData.Dupicate" name="testqa" time="2.855"/>
</testsuite> <!-- JsonResponseData.Dupicate -->
