<?xml version="1.0" encoding="UTF-8"?>
<!-- Generated by org.testng.reporters.JUnitReportReporter -->
<testsuite hostname="Essel" failures="0" tests="1" name="APIChaining.UpdateUser" time="0.908" errors="0" timestamp="2025-06-25T20:45:03 IST" skipped="0">
  <testcase classname="APIChaining.UpdateUser" name="updateUser" time="0.908"/>
</testsuite> <!-- APIChaining.UpdateUser -->
