<?xml version="1.0" encoding="UTF-8"?>
<!-- Generated by org.testng.reporters.JUnitReportReporter -->
<testsuite hostname="Essel" failures="0" tests="1" name="SerilizationDeserilization.Serlizationdeserlization" time="0.313" errors="0" timestamp="2025-06-22T19:27:15 IST" skipped="0">
  <testcase classname="SerilizationDeserilization.Serlizationdeserlization" name="convertjson2pojo" time="0.313"/>
</testsuite> <!-- SerilizationDeserilization.Serlizationdeserlization -->
