<?xml version="1.0" encoding="UTF-8"?>
<!-- Generated by org.testng.reporters.JUnitReportReporter -->
<testsuite hostname="Essel" failures="0" tests="1" name="PathQuerycookies.CookiesDemo" time="3.709" errors="0" timestamp="2025-06-21T09:19:12 IST" skipped="0">
  <testcase classname="PathQuerycookies.CookiesDemo" name="getCookiesInfo" time="3.709"/>
</testsuite> <!-- PathQuerycookies.CookiesDemo -->
