<?xml version="1.0" encoding="UTF-8"?>
<!-- Generated by org.testng.reporters.JUnitReportReporter -->
<testsuite hostname="Essel" failures="0" tests="1" name="JsonSchemavalidation.JsonSchemavalidation" time="3.253" errors="0" timestamp="2025-06-23T23:56:21 IST" skipped="0">
  <testcase classname="JsonSchemavalidation.JsonSchemavalidation" name="jsonschemaValidation" time="3.253"/>
</testsuite> <!-- JsonSchemavalidation.JsonSchemavalidation -->
