<?xml version="1.0" encoding="UTF-8"?>
<!-- Generated by org.testng.reporters.JUnitReportReporter -->
<testsuite hostname="Essel" failures="0" tests="1" name="PathQuerycookies.PathAndQueryParam" time="4.215" errors="0" timestamp="2025-06-21T07:52:48 IST" skipped="0">
  <testcase classname="PathQuerycookies.PathAndQueryParam" name="testpathAndQueryParam" time="4.215"/>
</testsuite> <!-- PathQuerycookies.PathAndQueryParam -->
