<?xml version="1.0" encoding="UTF-8"?>
<!-- Generated by org.testng.reporters.JUnitReportReporter -->
<testsuite hostname="Essel" failures="0" tests="2" name="requests.Diffwaystocreatereqbody" time="3.416" errors="0" timestamp="2025-06-20T23:07:21 IST" skipped="0">
  <testcase classname="requests.Diffwaystocreatereqbody" name="postexternaljson" time="3.360"/>
  <testcase classname="requests.Diffwaystocreatereqbody" name="deletehashmap" time="0.056"/>
</testsuite> <!-- requests.Diffwaystocreatereqbody -->
