<?xml version="1.0" encoding="UTF-8"?>
<!-- Generated by org.testng.reporters.JUnitReportReporter -->
<testsuite hostname="Essel" failures="0" tests="4" name="requests.HttpRequest" time="4.839" errors="0" timestamp="2025-06-20T12:56:26 IST" skipped="0">
  <testcase classname="requests.HttpRequest" name="getUsers" time="2.754"/>
  <testcase classname="requests.HttpRequest" name="createUser" time="0.915"/>
  <testcase classname="requests.HttpRequest" name="updateUser" time="0.551"/>
  <testcase classname="requests.HttpRequest" name="deleteUser" time="0.619"/>
</testsuite> <!-- requests.HttpRequest -->
