<?xml version="1.0" encoding="UTF-8"?>
<!-- Generated by org.testng.reporters.JUnitReportReporter -->
<testsuite hostname="Essel" failures="0" tests="1" name="JsonSchemavalidation.XmlSchemaValidation" time="3.289" errors="0" timestamp="2025-06-23T23:54:04 IST" skipped="0">
  <testcase classname="JsonSchemavalidation.XmlSchemaValidation" name="xmlschemaValidation" time="3.289"/>
</testsuite> <!-- JsonSchemavalidation.XmlSchemaValidation -->
