<?xml version="1.0" encoding="UTF-8"?>
<!-- Generated by org.testng.reporters.JUnitReportReporter -->
<testsuite hostname="Essel" failures="0" tests="1" name="PathQuerycookies.LoggingDemo" time="2.662" errors="0" timestamp="2025-06-21T17:08:18 IST" skipped="0">
  <testcase classname="PathQuerycookies.LoggingDemo" name="logDemo" time="2.662"/>
</testsuite> <!-- PathQuerycookies.LoggingDemo -->
