<?xml version="1.0" encoding="UTF-8"?>
<!-- Generated by org.testng.reporters.JUnitReportReporter -->
<testsuite hostname="Essel" failures="0" tests="1" name="APIChaining.CreateUser" time="4.751" errors="0" timestamp="2025-06-25T20:45:03 IST" skipped="0">
  <testcase classname="APIChaining.CreateUser" name="createUser" time="4.751"/>
</testsuite> <!-- APIChaining.CreateUser -->
