<?xml version="1.0" encoding="UTF-8"?>
<!-- Generated by org.testng.reporters.JUnitReportReporter -->
<testsuite hostname="Essel" failures="0" tests="1" name="JsonResponseData.ParsingJsonResponseData" time="1.668" errors="0" timestamp="2025-06-21T17:04:03 IST" skipped="0">
  <testcase classname="JsonResponseData.ParsingJsonResponseData" name="testJsonres3" time="1.668"/>
</testsuite> <!-- JsonResponseData.ParsingJsonResponseData -->
