<?xml version="1.0" encoding="UTF-8"?>
<!-- Generated by org.testng.reporters.JUnitReportReporter -->
<testsuite hostname="DESKTOP-6J7SICE" failures="0" tests="1" name="pack2.acc1" time="5.955" errors="0" timestamp="2024-09-25T12:57:12 IST" skipped="0">
  <testcase classname="pack2.acc1" name="runtestcases" time="5.955"/>
  <system-out/>
</testsuite> <!-- pack2.acc1 -->
